{"C:\\Users\\kstep\\Documents\\FutureProof\\Week 3\\journaling_website\\server\\app.js": {"path":"C:\\Users\\kstep\\Documents\\FutureProof\\Week 3\\journaling_website\\server\\app.js","statementMap":{"0":{"start":{"line":1,"column":16},"end":{"line":1,"column":34}},"1":{"start":{"line":2,"column":20},"end":{"line":2,"column":56}},"2":{"start":{"line":3,"column":21},"end":{"line":3,"column":58}},"3":{"start":{"line":4,"column":21},"end":{"line":4,"column":58}},"4":{"start":{"line":5,"column":12},"end":{"line":5,"column":21}},"5":{"start":{"line":6,"column":13},"end":{"line":6,"column":28}},"6":{"start":{"line":8,"column":0},"end":{"line":8,"column":15}},"7":{"start":{"line":9,"column":0},"end":{"line":9,"column":23}},"8":{"start":{"line":10,"column":0},"end":{"line":10,"column":31}},"9":{"start":{"line":11,"column":0},"end":{"line":11,"column":32}},"10":{"start":{"line":12,"column":0},"end":{"line":12,"column":32}},"11":{"start":{"line":14,"column":0},"end":{"line":16,"column":3}},"12":{"start":{"line":15,"column":3},"end":{"line":15,"column":23}},"13":{"start":{"line":18,"column":0},"end":{"line":18,"column":21}}},"fnMap":{"0":{"name":"(anonymous_0)","decl":{"start":{"line":14,"column":13},"end":{"line":14,"column":14}},"loc":{"start":{"line":14,"column":33},"end":{"line":16,"column":2}},"line":14}},"branchMap":{},"s":{"0":1,"1":1,"2":1,"3":1,"4":1,"5":1,"6":1,"7":1,"8":1,"9":1,"10":1,"11":1,"12":1,"13":1},"f":{"0":1},"b":{},"_coverageSchema":"1a1c01bbd47fc00a2c39e90264f33305004495a9","hash":"16deec19f50df16be89308dd70a2f78fbae3b4d6"}
,"C:\\Users\\kstep\\Documents\\FutureProof\\Week 3\\journaling_website\\server\\controllers\\deleteRouter.js": {"path":"C:\\Users\\kstep\\Documents\\FutureProof\\Week 3\\journaling_website\\server\\controllers\\deleteRouter.js","statementMap":{"0":{"start":{"line":1,"column":16},"end":{"line":1,"column":34}},"1":{"start":{"line":2,"column":14},"end":{"line":2,"column":40}},"2":{"start":{"line":3,"column":21},"end":{"line":3,"column":37}},"3":{"start":{"line":7,"column":0},"end":{"line":19,"column":2}},"4":{"start":{"line":8,"column":2},"end":{"line":18,"column":3}},"5":{"start":{"line":9,"column":16},"end":{"line":9,"column":45}},"6":{"start":{"line":10,"column":4},"end":{"line":15,"column":56}},"7":{"start":{"line":11,"column":6},"end":{"line":11,"column":37}},"8":{"start":{"line":12,"column":6},"end":{"line":12,"column":25}},"9":{"start":{"line":15,"column":6},"end":{"line":15,"column":56}},"10":{"start":{"line":17,"column":4},"end":{"line":17,"column":38}},"11":{"start":{"line":21,"column":0},"end":{"line":21,"column":30}}},"fnMap":{"0":{"name":"(anonymous_0)","decl":{"start":{"line":7,"column":28},"end":{"line":7,"column":29}},"loc":{"start":{"line":7,"column":48},"end":{"line":19,"column":1}},"line":7}},"branchMap":{"0":{"loc":{"start":{"line":10,"column":4},"end":{"line":15,"column":56}},"type":"if","locations":[{"start":{"line":10,"column":4},"end":{"line":15,"column":56}},{"start":{"line":15,"column":6},"end":{"line":15,"column":56}}],"line":10}},"s":{"0":1,"1":1,"2":1,"3":1,"4":1,"5":1,"6":1,"7":1,"8":1,"9":0,"10":0,"11":1},"f":{"0":1},"b":{"0":[1,0]},"_coverageSchema":"1a1c01bbd47fc00a2c39e90264f33305004495a9","hash":"922254f6aba4f735d165ba8739077b62ceee4c63"}
,"C:\\Users\\kstep\\Documents\\FutureProof\\Week 3\\journaling_website\\server\\controllers\\queryRouter.js": {"path":"C:\\Users\\kstep\\Documents\\FutureProof\\Week 3\\journaling_website\\server\\controllers\\queryRouter.js","statementMap":{"0":{"start":{"line":1,"column":16},"end":{"line":1,"column":34}},"1":{"start":{"line":2,"column":14},"end":{"line":2,"column":40}},"2":{"start":{"line":3,"column":20},"end":{"line":3,"column":36}},"3":{"start":{"line":6,"column":0},"end":{"line":12,"column":2}},"4":{"start":{"line":7,"column":2},"end":{"line":11,"column":3}},"5":{"start":{"line":8,"column":4},"end":{"line":8,"column":48}},"6":{"start":{"line":10,"column":4},"end":{"line":10,"column":38}},"7":{"start":{"line":15,"column":0},"end":{"line":21,"column":2}},"8":{"start":{"line":16,"column":2},"end":{"line":20,"column":3}},"9":{"start":{"line":17,"column":4},"end":{"line":17,"column":70}},"10":{"start":{"line":19,"column":4},"end":{"line":19,"column":38}},"11":{"start":{"line":24,"column":0},"end":{"line":34,"column":2}},"12":{"start":{"line":25,"column":2},"end":{"line":33,"column":3}},"13":{"start":{"line":26,"column":16},"end":{"line":26,"column":45}},"14":{"start":{"line":27,"column":4},"end":{"line":30,"column":40}},"15":{"start":{"line":28,"column":6},"end":{"line":28,"column":44}},"16":{"start":{"line":30,"column":6},"end":{"line":30,"column":40}},"17":{"start":{"line":32,"column":4},"end":{"line":32,"column":37}},"18":{"start":{"line":36,"column":0},"end":{"line":36,"column":29}}},"fnMap":{"0":{"name":"(anonymous_0)","decl":{"start":{"line":6,"column":24},"end":{"line":6,"column":25}},"loc":{"start":{"line":6,"column":44},"end":{"line":12,"column":1}},"line":6},"1":{"name":"(anonymous_1)","decl":{"start":{"line":15,"column":30},"end":{"line":15,"column":31}},"loc":{"start":{"line":15,"column":50},"end":{"line":21,"column":1}},"line":15},"2":{"name":"(anonymous_2)","decl":{"start":{"line":24,"column":24},"end":{"line":24,"column":25}},"loc":{"start":{"line":24,"column":44},"end":{"line":34,"column":1}},"line":24}},"branchMap":{"0":{"loc":{"start":{"line":27,"column":4},"end":{"line":30,"column":40}},"type":"if","locations":[{"start":{"line":27,"column":4},"end":{"line":30,"column":40}},{"start":{"line":30,"column":6},"end":{"line":30,"column":40}}],"line":27}},"s":{"0":1,"1":1,"2":1,"3":1,"4":2,"5":2,"6":0,"7":1,"8":1,"9":1,"10":0,"11":1,"12":2,"13":2,"14":2,"15":1,"16":1,"17":1,"18":1},"f":{"0":2,"1":1,"2":2},"b":{"0":[1,1]},"_coverageSchema":"1a1c01bbd47fc00a2c39e90264f33305004495a9","hash":"e78cdeccc77d65e240c632c336119634189b083b"}
,"C:\\Users\\kstep\\Documents\\FutureProof\\Week 3\\journaling_website\\server\\controllers\\updateRouter.js": {"path":"C:\\Users\\kstep\\Documents\\FutureProof\\Week 3\\journaling_website\\server\\controllers\\updateRouter.js","statementMap":{"0":{"start":{"line":1,"column":16},"end":{"line":1,"column":34}},"1":{"start":{"line":2,"column":13},"end":{"line":2,"column":39}},"2":{"start":{"line":3,"column":21},"end":{"line":3,"column":37}},"3":{"start":{"line":6,"column":0},"end":{"line":13,"column":2}},"4":{"start":{"line":7,"column":2},"end":{"line":12,"column":3}},"5":{"start":{"line":8,"column":4},"end":{"line":8,"column":26}},"6":{"start":{"line":9,"column":4},"end":{"line":9,"column":23}},"7":{"start":{"line":11,"column":4},"end":{"line":11,"column":38}},"8":{"start":{"line":16,"column":0},"end":{"line":23,"column":2}},"9":{"start":{"line":17,"column":2},"end":{"line":22,"column":3}},"10":{"start":{"line":18,"column":6},"end":{"line":18,"column":48}},"11":{"start":{"line":19,"column":6},"end":{"line":19,"column":25}},"12":{"start":{"line":21,"column":4},"end":{"line":21,"column":38}},"13":{"start":{"line":26,"column":0},"end":{"line":33,"column":2}},"14":{"start":{"line":27,"column":2},"end":{"line":32,"column":3}},"15":{"start":{"line":28,"column":6},"end":{"line":28,"column":38}},"16":{"start":{"line":29,"column":6},"end":{"line":29,"column":25}},"17":{"start":{"line":31,"column":4},"end":{"line":31,"column":38}},"18":{"start":{"line":35,"column":0},"end":{"line":35,"column":30}}},"fnMap":{"0":{"name":"(anonymous_0)","decl":{"start":{"line":6,"column":29},"end":{"line":6,"column":30}},"loc":{"start":{"line":6,"column":49},"end":{"line":13,"column":1}},"line":6},"1":{"name":"(anonymous_1)","decl":{"start":{"line":16,"column":35},"end":{"line":16,"column":36}},"loc":{"start":{"line":16,"column":54},"end":{"line":23,"column":1}},"line":16},"2":{"name":"(anonymous_2)","decl":{"start":{"line":26,"column":29},"end":{"line":26,"column":30}},"loc":{"start":{"line":26,"column":48},"end":{"line":33,"column":1}},"line":26}},"branchMap":{},"s":{"0":1,"1":1,"2":1,"3":1,"4":1,"5":1,"6":1,"7":0,"8":1,"9":2,"10":2,"11":1,"12":1,"13":1,"14":1,"15":1,"16":1,"17":0,"18":1},"f":{"0":1,"1":2,"2":1},"b":{},"_coverageSchema":"1a1c01bbd47fc00a2c39e90264f33305004495a9","hash":"0839221eacde0aea7b809695ea89429c714333ee"}
,"C:\\Users\\kstep\\Documents\\FutureProof\\Week 3\\journaling_website\\server\\data\\entries.js": {"path":"C:\\Users\\kstep\\Documents\\FutureProof\\Week 3\\journaling_website\\server\\data\\entries.js","statementMap":{"0":{"start":{"line":6,"column":18},"end":{"line":6,"column":20}},"1":{"start":{"line":8,"column":0},"end":{"line":8,"column":29}}},"fnMap":{},"branchMap":{},"s":{"0":3,"1":3},"f":{},"b":{},"_coverageSchema":"1a1c01bbd47fc00a2c39e90264f33305004495a9","hash":"91c85ad7363bf50a621aa767f0b10e847c921b40"}
,"C:\\Users\\kstep\\Documents\\FutureProof\\Week 3\\journaling_website\\server\\helpers\\readWrite.js": {"path":"C:\\Users\\kstep\\Documents\\FutureProof\\Week 3\\journaling_website\\server\\helpers\\readWrite.js","statementMap":{"0":{"start":{"line":1,"column":11},"end":{"line":1,"column":24}},"1":{"start":{"line":3,"column":14},"end":{"line":3,"column":40}},"2":{"start":{"line":10,"column":4},"end":{"line":19,"column":5}},"3":{"start":{"line":11,"column":27},"end":{"line":11,"column":74}},"4":{"start":{"line":12,"column":27},"end":{"line":12,"column":49}},"5":{"start":{"line":14,"column":8},"end":{"line":16,"column":11}},"6":{"start":{"line":15,"column":12},"end":{"line":15,"column":40}},"7":{"start":{"line":18,"column":8},"end":{"line":18,"column":25}},"8":{"start":{"line":28,"column":35},"end":{"line":28,"column":60}},"9":{"start":{"line":31,"column":4},"end":{"line":38,"column":7}},"10":{"start":{"line":33,"column":8},"end":{"line":37,"column":9}},"11":{"start":{"line":34,"column":12},"end":{"line":34,"column":29}},"12":{"start":{"line":36,"column":12},"end":{"line":36,"column":53}},"13":{"start":{"line":41,"column":0},"end":{"line":44,"column":1}}},"fnMap":{"0":{"name":"readFromFile","decl":{"start":{"line":9,"column":9},"end":{"line":9,"column":21}},"loc":{"start":{"line":9,"column":24},"end":{"line":20,"column":1}},"line":9},"1":{"name":"(anonymous_1)","decl":{"start":{"line":14,"column":27},"end":{"line":14,"column":28}},"loc":{"start":{"line":14,"column":47},"end":{"line":16,"column":9}},"line":14},"2":{"name":"writeToFile","decl":{"start":{"line":27,"column":9},"end":{"line":27,"column":20}},"loc":{"start":{"line":27,"column":23},"end":{"line":39,"column":1}},"line":27},"3":{"name":"(anonymous_3)","decl":{"start":{"line":31,"column":64},"end":{"line":31,"column":65}},"loc":{"start":{"line":31,"column":73},"end":{"line":38,"column":5}},"line":31}},"branchMap":{"0":{"loc":{"start":{"line":33,"column":8},"end":{"line":37,"column":9}},"type":"if","locations":[{"start":{"line":33,"column":8},"end":{"line":37,"column":9}},{"start":{"line":35,"column":15},"end":{"line":37,"column":9}}],"line":33}},"s":{"0":3,"1":3,"2":3,"3":3,"4":3,"5":3,"6":9,"7":0,"8":0,"9":0,"10":0,"11":0,"12":0,"13":3},"f":{"0":3,"1":9,"2":0,"3":0},"b":{"0":[0,0]},"_coverageSchema":"1a1c01bbd47fc00a2c39e90264f33305004495a9","hash":"88a1fdade916683399db330a31ffe6e65344771d"}
,"C:\\Users\\kstep\\Documents\\FutureProof\\Week 3\\journaling_website\\server\\models\\entry.js": {"path":"C:\\Users\\kstep\\Documents\\FutureProof\\Week 3\\journaling_website\\server\\models\\entry.js","statementMap":{"0":{"start":{"line":1,"column":18},"end":{"line":1,"column":44}},"1":{"start":{"line":9,"column":8},"end":{"line":9,"column":26}},"2":{"start":{"line":10,"column":8},"end":{"line":10,"column":40}},"3":{"start":{"line":11,"column":8},"end":{"line":11,"column":32}},"4":{"start":{"line":12,"column":8},"end":{"line":12,"column":30}},"5":{"start":{"line":13,"column":8},"end":{"line":13,"column":38}},"6":{"start":{"line":14,"column":8},"end":{"line":14,"column":34}},"7":{"start":{"line":21,"column":8},"end":{"line":21,"column":27}},"8":{"start":{"line":31,"column":8},"end":{"line":31,"column":58}},"9":{"start":{"line":31,"column":41},"end":{"line":31,"column":56}},"10":{"start":{"line":40,"column":25},"end":{"line":48,"column":10}},"11":{"start":{"line":49,"column":8},"end":{"line":49,"column":38}},"12":{"start":{"line":59,"column":22},"end":{"line":59,"column":44}},"13":{"start":{"line":60,"column":8},"end":{"line":60,"column":32}},"14":{"start":{"line":69,"column":8},"end":{"line":69,"column":69}},"15":{"start":{"line":69,"column":52},"end":{"line":69,"column":67}},"16":{"start":{"line":79,"column":25},"end":{"line":79,"column":27}},"17":{"start":{"line":80,"column":25},"end":{"line":80,"column":59}},"18":{"start":{"line":81,"column":29},"end":{"line":81,"column":81}},"19":{"start":{"line":82,"column":8},"end":{"line":84,"column":9}},"20":{"start":{"line":83,"column":12},"end":{"line":83,"column":62}},"21":{"start":{"line":86,"column":8},"end":{"line":90,"column":9}},"22":{"start":{"line":101,"column":20},"end":{"line":101,"column":42}},"23":{"start":{"line":102,"column":8},"end":{"line":105,"column":78}},"24":{"start":{"line":103,"column":12},"end":{"line":103,"column":40}},"25":{"start":{"line":105,"column":12},"end":{"line":105,"column":78}},"26":{"start":{"line":120,"column":8},"end":{"line":128,"column":9}},"27":{"start":{"line":121,"column":24},"end":{"line":121,"column":52}},"28":{"start":{"line":122,"column":12},"end":{"line":127,"column":13}},"29":{"start":{"line":123,"column":16},"end":{"line":123,"column":36}},"30":{"start":{"line":124,"column":16},"end":{"line":126,"column":36}},"31":{"start":{"line":125,"column":20},"end":{"line":126,"column":36}},"32":{"start":{"line":126,"column":24},"end":{"line":126,"column":36}},"33":{"start":{"line":139,"column":22},"end":{"line":139,"column":45}},"34":{"start":{"line":141,"column":8},"end":{"line":145,"column":9}},"35":{"start":{"line":142,"column":12},"end":{"line":142,"column":87}},"36":{"start":{"line":142,"column":62},"end":{"line":142,"column":85}},"37":{"start":{"line":144,"column":12},"end":{"line":144,"column":57}},"38":{"start":{"line":149,"column":0},"end":{"line":149,"column":23}}},"fnMap":{"0":{"name":"(anonymous_0)","decl":{"start":{"line":8,"column":4},"end":{"line":8,"column":5}},"loc":{"start":{"line":8,"column":22},"end":{"line":15,"column":5}},"line":8},"1":{"name":"(anonymous_1)","decl":{"start":{"line":20,"column":4},"end":{"line":20,"column":5}},"loc":{"start":{"line":20,"column":21},"end":{"line":22,"column":5}},"line":20},"2":{"name":"(anonymous_2)","decl":{"start":{"line":30,"column":4},"end":{"line":30,"column":5}},"loc":{"start":{"line":30,"column":24},"end":{"line":32,"column":5}},"line":30},"3":{"name":"(anonymous_3)","decl":{"start":{"line":31,"column":32},"end":{"line":31,"column":33}},"loc":{"start":{"line":31,"column":41},"end":{"line":31,"column":56}},"line":31},"4":{"name":"(anonymous_4)","decl":{"start":{"line":39,"column":4},"end":{"line":39,"column":5}},"loc":{"start":{"line":39,"column":24},"end":{"line":50,"column":5}},"line":39},"5":{"name":"(anonymous_5)","decl":{"start":{"line":58,"column":4},"end":{"line":58,"column":5}},"loc":{"start":{"line":58,"column":22},"end":{"line":61,"column":5}},"line":58},"6":{"name":"(anonymous_6)","decl":{"start":{"line":68,"column":4},"end":{"line":68,"column":5}},"loc":{"start":{"line":68,"column":26},"end":{"line":70,"column":5}},"line":68},"7":{"name":"(anonymous_7)","decl":{"start":{"line":69,"column":41},"end":{"line":69,"column":42}},"loc":{"start":{"line":69,"column":52},"end":{"line":69,"column":67}},"line":69},"8":{"name":"(anonymous_8)","decl":{"start":{"line":78,"column":4},"end":{"line":78,"column":5}},"loc":{"start":{"line":78,"column":43},"end":{"line":91,"column":5}},"line":78},"9":{"name":"(anonymous_9)","decl":{"start":{"line":100,"column":4},"end":{"line":100,"column":5}},"loc":{"start":{"line":100,"column":38},"end":{"line":106,"column":5}},"line":100},"10":{"name":"(anonymous_10)","decl":{"start":{"line":119,"column":4},"end":{"line":119,"column":5}},"loc":{"start":{"line":119,"column":29},"end":{"line":129,"column":5}},"line":119},"11":{"name":"(anonymous_11)","decl":{"start":{"line":138,"column":4},"end":{"line":138,"column":5}},"loc":{"start":{"line":138,"column":49},"end":{"line":146,"column":5}},"line":138},"12":{"name":"(anonymous_12)","decl":{"start":{"line":142,"column":51},"end":{"line":142,"column":52}},"loc":{"start":{"line":142,"column":62},"end":{"line":142,"column":85}},"line":142}},"branchMap":{"0":{"loc":{"start":{"line":82,"column":8},"end":{"line":84,"column":9}},"type":"if","locations":[{"start":{"line":82,"column":8},"end":{"line":84,"column":9}},{"start":{},"end":{}}],"line":82},"1":{"loc":{"start":{"line":102,"column":8},"end":{"line":105,"column":78}},"type":"if","locations":[{"start":{"line":102,"column":8},"end":{"line":105,"column":78}},{"start":{"line":105,"column":12},"end":{"line":105,"column":78}}],"line":102},"2":{"loc":{"start":{"line":122,"column":12},"end":{"line":127,"column":13}},"type":"if","locations":[{"start":{"line":122,"column":12},"end":{"line":127,"column":13}},{"start":{},"end":{}}],"line":122},"3":{"loc":{"start":{"line":125,"column":20},"end":{"line":126,"column":36}},"type":"if","locations":[{"start":{"line":125,"column":20},"end":{"line":126,"column":36}},{"start":{},"end":{}}],"line":125},"4":{"loc":{"start":{"line":141,"column":8},"end":{"line":145,"column":9}},"type":"if","locations":[{"start":{"line":141,"column":8},"end":{"line":145,"column":9}},{"start":{"line":143,"column":15},"end":{"line":145,"column":9}}],"line":141}},"s":{"0":3,"1":34,"2":34,"3":34,"4":34,"5":34,"6":34,"7":4,"8":27,"9":358,"10":24,"11":24,"12":9,"13":9,"14":2,"15":19,"16":3,"17":3,"18":3,"19":3,"20":1,"21":2,"22":3,"23":3,"24":2,"25":1,"26":4,"27":4,"28":4,"29":4,"30":4,"31":12,"32":4,"33":2,"34":2,"35":1,"36":2,"37":1,"38":3},"f":{"0":34,"1":4,"2":27,"3":358,"4":24,"5":9,"6":2,"7":19,"8":3,"9":3,"10":4,"11":2,"12":2},"b":{"0":[1,2],"1":[2,1],"2":[4,0],"3":[4,8],"4":[1,1]},"_coverageSchema":"1a1c01bbd47fc00a2c39e90264f33305004495a9","hash":"4636c3687794311bb44b9c442fadc867d0e060ea"}
}
