TN:
SF:app.js
FN:14,(anonymous_0)
FNF:1
FNH:1
FNDA:1,(anonymous_0)
DA:1,1
DA:2,1
DA:3,1
DA:4,1
DA:5,1
DA:6,1
DA:8,1
DA:9,1
DA:10,1
DA:11,1
DA:12,1
DA:14,1
DA:15,1
DA:18,1
LF:14
LH:14
BRF:0
BRH:0
end_of_record
TN:
SF:controllers\deleteRouter.js
FN:7,(anonymous_0)
FNF:1
FNH:1
FNDA:1,(anonymous_0)
DA:1,1
DA:2,1
DA:3,1
DA:7,1
DA:8,1
DA:9,1
DA:10,1
DA:11,1
DA:12,1
DA:15,0
DA:17,0
DA:21,1
LF:12
LH:10
BRDA:10,0,0,1
BRDA:10,0,1,0
BRF:2
BRH:1
end_of_record
TN:
SF:controllers\queryRouter.js
FN:6,(anonymous_0)
FN:15,(anonymous_1)
FN:24,(anonymous_2)
FNF:3
FNH:3
FNDA:2,(anonymous_0)
FNDA:1,(anonymous_1)
FNDA:2,(anonymous_2)
DA:1,1
DA:2,1
DA:3,1
DA:6,1
DA:7,2
DA:8,2
DA:10,0
DA:15,1
DA:16,1
DA:17,1
DA:19,0
DA:24,1
DA:25,2
DA:26,2
DA:27,2
DA:28,1
DA:30,1
DA:32,1
DA:36,1
LF:19
LH:17
BRDA:27,0,0,1
BRDA:27,0,1,1
BRF:2
BRH:2
end_of_record
TN:
SF:controllers\updateRouter.js
FN:6,(anonymous_0)
FN:16,(anonymous_1)
FN:26,(anonymous_2)
FNF:3
FNH:3
FNDA:1,(anonymous_0)
FNDA:2,(anonymous_1)
FNDA:1,(anonymous_2)
DA:1,1
DA:2,1
DA:3,1
DA:6,1
DA:7,1
DA:8,1
DA:9,1
DA:11,0
DA:16,1
DA:17,2
DA:18,2
DA:19,1
DA:21,1
DA:26,1
DA:27,1
DA:28,1
DA:29,1
DA:31,0
DA:35,1
LF:19
LH:17
BRF:0
BRH:0
end_of_record
TN:
SF:data\entries.js
FNF:0
FNH:0
DA:6,3
DA:8,3
LF:2
LH:2
BRF:0
BRH:0
end_of_record
TN:
SF:helpers\readWrite.js
FN:9,readFromFile
FN:14,(anonymous_1)
FN:27,writeToFile
FN:31,(anonymous_3)
FNF:4
FNH:2
FNDA:3,readFromFile
FNDA:9,(anonymous_1)
FNDA:0,writeToFile
FNDA:0,(anonymous_3)
DA:1,3
DA:3,3
DA:10,3
DA:11,3
DA:12,3
DA:14,3
DA:15,9
DA:18,0
DA:28,0
DA:31,0
DA:33,0
DA:34,0
DA:36,0
DA:41,3
LF:14
LH:8
BRDA:33,0,0,0
BRDA:33,0,1,0
BRF:2
BRH:0
end_of_record
TN:
SF:models\entry.js
FN:8,(anonymous_0)
FN:20,(anonymous_1)
FN:30,(anonymous_2)
FN:31,(anonymous_3)
FN:39,(anonymous_4)
FN:58,(anonymous_5)
FN:68,(anonymous_6)
FN:69,(anonymous_7)
FN:78,(anonymous_8)
FN:100,(anonymous_9)
FN:119,(anonymous_10)
FN:138,(anonymous_11)
FN:142,(anonymous_12)
FNF:13
FNH:13
FNDA:34,(anonymous_0)
FNDA:4,(anonymous_1)
FNDA:27,(anonymous_2)
FNDA:358,(anonymous_3)
FNDA:24,(anonymous_4)
FNDA:9,(anonymous_5)
FNDA:2,(anonymous_6)
FNDA:19,(anonymous_7)
FNDA:3,(anonymous_8)
FNDA:3,(anonymous_9)
FNDA:4,(anonymous_10)
FNDA:2,(anonymous_11)
FNDA:2,(anonymous_12)
DA:1,3
DA:9,34
DA:10,34
DA:11,34
DA:12,34
DA:13,34
DA:14,34
DA:21,4
DA:31,358
DA:40,24
DA:49,24
DA:59,9
DA:60,9
DA:69,19
DA:79,3
DA:80,3
DA:81,3
DA:82,3
DA:83,1
DA:86,2
DA:101,3
DA:102,3
DA:103,2
DA:105,1
DA:120,4
DA:121,4
DA:122,4
DA:123,4
DA:124,4
DA:125,12
DA:126,4
DA:139,2
DA:141,2
DA:142,2
DA:144,1
DA:149,3
LF:36
LH:36
BRDA:82,0,0,1
BRDA:82,0,1,2
BRDA:102,1,0,2
BRDA:102,1,1,1
BRDA:122,2,0,4
BRDA:122,2,1,0
BRDA:125,3,0,4
BRDA:125,3,1,8
BRDA:141,4,0,1
BRDA:141,4,1,1
BRF:10
BRH:9
end_of_record
